2024-07-30T09:07:49.353+08:00  INFO 5132 --- [main] com.bit.demo.SpringBookApplication       : Starting SpringBookApplication using Java 17.0.11 with PID 5132 (D:\gitte\springboot\spring_book\target\classes started by lenovo in D:\gitte\springboot\spring_book)
2024-07-30T09:07:49.366+08:00  INFO 5132 --- [main] com.bit.demo.SpringBookApplication       : No active profile set, falling back to 1 default profile: "default"
2024-07-30T09:07:51.986+08:00  INFO 5132 --- [main] o.s.b.w.embedded.tomcat.TomcatWebServer  : Tomcat initialized with port 8080 (http)
2024-07-30T09:07:52.007+08:00  INFO 5132 --- [main] o.apache.catalina.core.StandardService   : Starting service [Tomcat]
2024-07-30T09:07:52.008+08:00  INFO 5132 --- [main] o.apache.catalina.core.StandardEngine    : Starting Servlet engine: [Apache Tomcat/10.1.25]
2024-07-30T09:07:52.079+08:00  INFO 5132 --- [main] o.a.c.c.C.[Tomcat].[localhost].[/]       : Initializing Spring embedded WebApplicationContext
2024-07-30T09:07:52.079+08:00  INFO 5132 --- [main] w.s.c.ServletWebServerApplicationContext : Root WebApplicationContext: initialization completed in 2636 ms
2024-07-30T09:07:52.867+08:00  INFO 5132 --- [main] o.s.b.w.embedded.tomcat.TomcatWebServer  : Tomcat started on port 8080 (http) with context path '/'
2024-07-30T09:07:52.876+08:00  INFO 5132 --- [main] com.bit.demo.SpringBookApplication       : Started SpringBookApplication in 4.073 seconds (process running for 4.649)
2024-07-30T09:09:36.997+08:00  INFO 5132 --- [http-nio-8080-exec-1] o.a.c.c.C.[Tomcat].[localhost].[/]       : Initializing Spring DispatcherServlet 'dispatcherServlet'
2024-07-30T09:09:36.999+08:00  INFO 5132 --- [http-nio-8080-exec-1] o.s.web.servlet.DispatcherServlet        : Initializing Servlet 'dispatcherServlet'
2024-07-30T09:09:37.001+08:00  INFO 5132 --- [http-nio-8080-exec-1] o.s.web.servlet.DispatcherServlet        : Completed initialization in 1 ms
2024-07-30T09:09:37.024+08:00  INFO 5132 --- [http-nio-8080-exec-1] c.bit.demo.Interceptor.LoginInterceptor  : 拦截器拦截LoginInterceptor....
2024-07-30T09:10:52.315+08:00  INFO 5132 --- [http-nio-8080-exec-3] c.bit.demo.Interceptor.LoginInterceptor  : 拦截器拦截LoginInterceptor....
2024-07-30T09:11:08.739+08:00  INFO 15264 --- [main] com.bit.demo.SpringBookApplication       : Starting SpringBookApplication using Java 17.0.11 with PID 15264 (D:\gitte\springboot\spring_book\target\classes started by lenovo in D:\gitte\springboot\spring_book)
2024-07-30T09:11:08.743+08:00  INFO 15264 --- [main] com.bit.demo.SpringBookApplication       : No active profile set, falling back to 1 default profile: "default"
2024-07-30T09:11:09.894+08:00  INFO 15264 --- [main] o.s.b.w.embedded.tomcat.TomcatWebServer  : Tomcat initialized with port 8080 (http)
2024-07-30T09:11:09.905+08:00  INFO 15264 --- [main] o.apache.catalina.core.StandardService   : Starting service [Tomcat]
2024-07-30T09:11:09.905+08:00  INFO 15264 --- [main] o.apache.catalina.core.StandardEngine    : Starting Servlet engine: [Apache Tomcat/10.1.25]
2024-07-30T09:11:09.982+08:00  INFO 15264 --- [main] o.a.c.c.C.[Tomcat].[localhost].[/]       : Initializing Spring embedded WebApplicationContext
2024-07-30T09:11:09.983+08:00  INFO 15264 --- [main] w.s.c.ServletWebServerApplicationContext : Root WebApplicationContext: initialization completed in 1192 ms
2024-07-30T09:11:10.635+08:00  INFO 15264 --- [main] o.s.b.w.embedded.tomcat.TomcatWebServer  : Tomcat started on port 8080 (http) with context path '/'
2024-07-30T09:11:10.645+08:00  INFO 15264 --- [main] com.bit.demo.SpringBookApplication       : Started SpringBookApplication in 2.433 seconds (process running for 2.859)
2024-07-30T09:11:22.179+08:00  INFO 15264 --- [http-nio-8080-exec-1] o.a.c.c.C.[Tomcat].[localhost].[/]       : Initializing Spring DispatcherServlet 'dispatcherServlet'
2024-07-30T09:11:22.179+08:00  INFO 15264 --- [http-nio-8080-exec-1] o.s.web.servlet.DispatcherServlet        : Initializing Servlet 'dispatcherServlet'
2024-07-30T09:11:22.180+08:00  INFO 15264 --- [http-nio-8080-exec-1] o.s.web.servlet.DispatcherServlet        : Completed initialization in 1 ms
2024-07-30T09:11:22.204+08:00  INFO 15264 --- [http-nio-8080-exec-1] c.bit.demo.Interceptor.LoginInterceptor  : 拦截器拦截LoginInterceptor....
2024-07-30T09:11:23.500+08:00  INFO 15264 --- [http-nio-8080-exec-2] c.bit.demo.Interceptor.LoginInterceptor  : 拦截器拦截LoginInterceptor....
2024-07-30T09:12:05.505+08:00  INFO 15264 --- [http-nio-8080-exec-3] c.bit.demo.Interceptor.LoginInterceptor  : 拦截器拦截LoginInterceptor....
2024-07-30T09:12:35.705+08:00  INFO 15264 --- [http-nio-8080-exec-5] c.bit.demo.Interceptor.LoginInterceptor  : 拦截器拦截LoginInterceptor....
2024-07-30T09:12:38.627+08:00  INFO 15264 --- [http-nio-8080-exec-6] c.bit.demo.Interceptor.LoginInterceptor  : 拦截器拦截LoginInterceptor....
2024-07-30T09:14:09.169+08:00  INFO 15264 --- [http-nio-8080-exec-9] c.bit.demo.Interceptor.LoginInterceptor  : 拦截器拦截LoginInterceptor....
2024-07-30T09:14:15.196+08:00  INFO 15264 --- [http-nio-8080-exec-6] c.bit.demo.Interceptor.LoginInterceptor  : 拦截器拦截LoginInterceptor....
2024-07-30T09:14:15.278+08:00  INFO 15264 --- [http-nio-8080-exec-7] c.bit.demo.Interceptor.LoginInterceptor  : 拦截器拦截LoginInterceptor....
2024-07-30T09:14:25.367+08:00  INFO 15264 --- [http-nio-8080-exec-2] c.bit.demo.Interceptor.LoginInterceptor  : 拦截器拦截LoginInterceptor....
2024-07-30T09:49:48.424+08:00  INFO 4068 --- [main] com.bit.demo.SpringBookApplication       : Starting SpringBookApplication using Java 17.0.11 with PID 4068 (D:\gitte\springboot\spring_book\target\classes started by lenovo in D:\gitte\springboot\spring_book)
2024-07-30T09:49:48.427+08:00  INFO 4068 --- [main] com.bit.demo.SpringBookApplication       : No active profile set, falling back to 1 default profile: "default"
2024-07-30T09:49:49.503+08:00  INFO 4068 --- [main] o.s.b.w.embedded.tomcat.TomcatWebServer  : Tomcat initialized with port 8080 (http)
2024-07-30T09:49:49.513+08:00  INFO 4068 --- [main] o.apache.catalina.core.StandardService   : Starting service [Tomcat]
2024-07-30T09:49:49.514+08:00  INFO 4068 --- [main] o.apache.catalina.core.StandardEngine    : Starting Servlet engine: [Apache Tomcat/10.1.25]
2024-07-30T09:49:49.588+08:00  INFO 4068 --- [main] o.a.c.c.C.[Tomcat].[localhost].[/]       : Initializing Spring embedded WebApplicationContext
2024-07-30T09:49:49.588+08:00  INFO 4068 --- [main] w.s.c.ServletWebServerApplicationContext : Root WebApplicationContext: initialization completed in 1111 ms
2024-07-30T09:49:50.191+08:00  INFO 4068 --- [main] o.s.b.w.embedded.tomcat.TomcatWebServer  : Tomcat started on port 8080 (http) with context path '/'
2024-07-30T09:49:50.201+08:00  INFO 4068 --- [main] com.bit.demo.SpringBookApplication       : Started SpringBookApplication in 2.207 seconds (process running for 2.623)
2024-07-30T09:50:12.815+08:00  INFO 4068 --- [http-nio-8080-exec-1] o.a.c.c.C.[Tomcat].[localhost].[/]       : Initializing Spring DispatcherServlet 'dispatcherServlet'
2024-07-30T09:50:12.815+08:00  INFO 4068 --- [http-nio-8080-exec-1] o.s.web.servlet.DispatcherServlet        : Initializing Servlet 'dispatcherServlet'
2024-07-30T09:50:12.817+08:00  INFO 4068 --- [http-nio-8080-exec-1] o.s.web.servlet.DispatcherServlet        : Completed initialization in 2 ms
2024-07-30T09:50:12.939+08:00  INFO 4068 --- [http-nio-8080-exec-1] com.zaxxer.hikari.HikariDataSource       : HikariPool-1 - Starting...
2024-07-30T09:50:13.130+08:00  INFO 4068 --- [http-nio-8080-exec-1] com.zaxxer.hikari.pool.HikariPool        : HikariPool-1 - Added connection com.mysql.cj.jdbc.ConnectionImpl@306603dd
2024-07-30T09:50:13.132+08:00  INFO 4068 --- [http-nio-8080-exec-1] com.zaxxer.hikari.HikariDataSource       : HikariPool-1 - Start completed.
2024-07-30T09:50:17.391+08:00  INFO 4068 --- [http-nio-8080-exec-2] c.bit.demo.Interceptor.LoginInterceptor  : 拦截器拦截LoginInterceptor....
2024-07-30T09:50:17.395+08:00  INFO 4068 --- [http-nio-8080-exec-2] c.b.demo.controller.BookListController   : 获取图书列表，pageRequest:PageRequest(currentPage=1, pageSize=10, offset=0)
2024-07-30T09:50:17.422+08:00  INFO 4068 --- [http-nio-8080-exec-2] c.b.demo.controller.BookListController   : 获取图书列表222，pageRequest:PageRequest(currentPage=1, pageSize=10, offset=0)
2024-07-30T09:50:17.443+08:00  INFO 4068 --- [http-nio-8080-exec-2] c.bit.demo.Interceptor.LoginInterceptor  : LoginInterceptor 目标方法执行后执行...
2024-07-30T09:50:17.443+08:00  INFO 4068 --- [http-nio-8080-exec-2] c.bit.demo.Interceptor.LoginInterceptor  : LoginInterceptor 视图渲染完毕后执行，最后执行...
2024-07-30T09:50:31.574+08:00  INFO 4068 --- [http-nio-8080-exec-3] c.bit.demo.Interceptor.LoginInterceptor  : 拦截器拦截LoginInterceptor....
2024-07-30T09:50:31.576+08:00  INFO 4068 --- [http-nio-8080-exec-3] c.b.demo.controller.BookListController   : 修改图书：BookInfo(id=13, bookName=tushu8, author=author, count=29, price=33, publish=null, status=null, statusCN=null, createTime=null, updateTime=null)
2024-07-30T09:50:31.632+08:00  INFO 4068 --- [http-nio-8080-exec-3] c.bit.demo.Interceptor.LoginInterceptor  : LoginInterceptor 目标方法执行后执行...
2024-07-30T09:50:31.632+08:00  INFO 4068 --- [http-nio-8080-exec-3] c.bit.demo.Interceptor.LoginInterceptor  : LoginInterceptor 视图渲染完毕后执行，最后执行...
2024-07-30T09:51:06.309+08:00  INFO 4068 --- [http-nio-8080-exec-4] c.bit.demo.Interceptor.LoginInterceptor  : 拦截器拦截LoginInterceptor....
2024-07-30T09:51:06.312+08:00  INFO 4068 --- [http-nio-8080-exec-4] c.b.demo.controller.BookListController   : 修改图书：BookInfo(id=13, bookName=图书11, author=author, count=29, price=33, publish=null, status=null, statusCN=null, createTime=null, updateTime=null)
2024-07-30T09:51:06.326+08:00  INFO 4068 --- [http-nio-8080-exec-4] c.bit.demo.Interceptor.LoginInterceptor  : LoginInterceptor 目标方法执行后执行...
2024-07-30T09:51:06.326+08:00  INFO 4068 --- [http-nio-8080-exec-4] c.bit.demo.Interceptor.LoginInterceptor  : LoginInterceptor 视图渲染完毕后执行，最后执行...
2024-07-30T09:51:31.818+08:00  INFO 4068 --- [http-nio-8080-exec-5] c.bit.demo.Interceptor.LoginInterceptor  : 拦截器拦截LoginInterceptor....
2024-07-30T09:51:31.820+08:00  INFO 4068 --- [http-nio-8080-exec-5] c.b.demo.controller.BookListController   : 批量删除图书：ids[25, 24]
2024-07-30T09:51:31.826+08:00  INFO 4068 --- [http-nio-8080-exec-5] c.bit.demo.Interceptor.LoginInterceptor  : LoginInterceptor 目标方法执行后执行...
2024-07-30T09:51:31.826+08:00  INFO 4068 --- [http-nio-8080-exec-5] c.bit.demo.Interceptor.LoginInterceptor  : LoginInterceptor 视图渲染完毕后执行，最后执行...
2024-07-30T09:51:36.275+08:00  INFO 4068 --- [http-nio-8080-exec-6] c.bit.demo.Interceptor.LoginInterceptor  : 拦截器拦截LoginInterceptor....
2024-07-30T09:51:36.284+08:00  INFO 4068 --- [http-nio-8080-exec-6] c.bit.demo.Interceptor.LoginInterceptor  : LoginInterceptor 目标方法执行后执行...
2024-07-30T09:51:36.284+08:00  INFO 4068 --- [http-nio-8080-exec-6] c.bit.demo.Interceptor.LoginInterceptor  : LoginInterceptor 视图渲染完毕后执行，最后执行...
2024-07-30T09:56:43.847+08:00  INFO 4068 --- [SpringApplicationShutdownHook] com.zaxxer.hikari.HikariDataSource       : HikariPool-1 - Shutdown initiated...
2024-07-30T09:56:43.856+08:00  INFO 4068 --- [SpringApplicationShutdownHook] com.zaxxer.hikari.HikariDataSource       : HikariPool-1 - Shutdown completed.
2024-07-30T09:56:47.306+08:00  INFO 14732 --- [main] com.bit.demo.SpringBookApplication       : Starting SpringBookApplication using Java 17.0.11 with PID 14732 (D:\gitte\springboot\spring_book\target\classes started by lenovo in D:\gitte\springboot\spring_book)
2024-07-30T09:56:47.309+08:00  INFO 14732 --- [main] com.bit.demo.SpringBookApplication       : No active profile set, falling back to 1 default profile: "default"
2024-07-30T09:56:48.447+08:00  INFO 14732 --- [main] o.s.b.w.embedded.tomcat.TomcatWebServer  : Tomcat initialized with port 8080 (http)
2024-07-30T09:56:48.467+08:00  INFO 14732 --- [main] o.apache.catalina.core.StandardService   : Starting service [Tomcat]
2024-07-30T09:56:48.481+08:00  INFO 14732 --- [main] o.apache.catalina.core.StandardEngine    : Starting Servlet engine: [Apache Tomcat/10.1.25]
2024-07-30T09:56:48.600+08:00  INFO 14732 --- [main] o.a.c.c.C.[Tomcat].[localhost].[/]       : Initializing Spring embedded WebApplicationContext
2024-07-30T09:56:48.601+08:00  INFO 14732 --- [main] w.s.c.ServletWebServerApplicationContext : Root WebApplicationContext: initialization completed in 1248 ms
2024-07-30T09:56:49.435+08:00  INFO 14732 --- [main] o.s.b.w.embedded.tomcat.TomcatWebServer  : Tomcat started on port 8080 (http) with context path '/'
2024-07-30T09:56:49.446+08:00  INFO 14732 --- [main] com.bit.demo.SpringBookApplication       : Started SpringBookApplication in 2.563 seconds (process running for 2.967)
2024-07-30T09:57:15.351+08:00  INFO 14732 --- [http-nio-8080-exec-1] o.a.c.c.C.[Tomcat].[localhost].[/]       : Initializing Spring DispatcherServlet 'dispatcherServlet'
2024-07-30T09:57:15.351+08:00  INFO 14732 --- [http-nio-8080-exec-1] o.s.web.servlet.DispatcherServlet        : Initializing Servlet 'dispatcherServlet'
2024-07-30T09:57:15.352+08:00  INFO 14732 --- [http-nio-8080-exec-1] o.s.web.servlet.DispatcherServlet        : Completed initialization in 1 ms
2024-07-30T09:57:15.378+08:00  INFO 14732 --- [http-nio-8080-exec-1] c.bit.demo.Interceptor.LoginInterceptor  : 拦截器拦截LoginInterceptor....
2024-07-30T09:57:27.943+08:00  INFO 14732 --- [http-nio-8080-exec-2] c.bit.demo.Interceptor.LoginInterceptor  : 拦截器拦截LoginInterceptor....
2024-07-30T09:57:42.659+08:00  INFO 14732 --- [http-nio-8080-exec-3] c.bit.demo.Interceptor.LoginInterceptor  : 拦截器拦截LoginInterceptor....
2024-07-30T09:57:44.653+08:00  INFO 14732 --- [http-nio-8080-exec-4] c.bit.demo.Interceptor.LoginInterceptor  : 拦截器拦截LoginInterceptor....
2024-07-30T09:58:00.232+08:00  INFO 11088 --- [main] com.bit.demo.SpringBookApplication       : Starting SpringBookApplication using Java 17.0.11 with PID 11088 (D:\gitte\springboot\spring_book\target\classes started by lenovo in D:\gitte\springboot\spring_book)
2024-07-30T09:58:00.234+08:00  INFO 11088 --- [main] com.bit.demo.SpringBookApplication       : No active profile set, falling back to 1 default profile: "default"
2024-07-30T09:58:01.242+08:00  INFO 11088 --- [main] o.s.b.w.embedded.tomcat.TomcatWebServer  : Tomcat initialized with port 8080 (http)
2024-07-30T09:58:01.252+08:00  INFO 11088 --- [main] o.apache.catalina.core.StandardService   : Starting service [Tomcat]
2024-07-30T09:58:01.253+08:00  INFO 11088 --- [main] o.apache.catalina.core.StandardEngine    : Starting Servlet engine: [Apache Tomcat/10.1.25]
2024-07-30T09:58:01.323+08:00  INFO 11088 --- [main] o.a.c.c.C.[Tomcat].[localhost].[/]       : Initializing Spring embedded WebApplicationContext
2024-07-30T09:58:01.323+08:00  INFO 11088 --- [main] w.s.c.ServletWebServerApplicationContext : Root WebApplicationContext: initialization completed in 1048 ms
2024-07-30T09:58:01.936+08:00  INFO 11088 --- [main] o.s.b.w.embedded.tomcat.TomcatWebServer  : Tomcat started on port 8080 (http) with context path '/'
2024-07-30T09:58:01.945+08:00  INFO 11088 --- [main] com.bit.demo.SpringBookApplication       : Started SpringBookApplication in 2.138 seconds (process running for 2.526)
2024-07-30T09:58:11.559+08:00  INFO 11088 --- [http-nio-8080-exec-2] o.a.c.c.C.[Tomcat].[localhost].[/]       : Initializing Spring DispatcherServlet 'dispatcherServlet'
2024-07-30T09:58:11.559+08:00  INFO 11088 --- [http-nio-8080-exec-2] o.s.web.servlet.DispatcherServlet        : Initializing Servlet 'dispatcherServlet'
2024-07-30T09:58:11.561+08:00  INFO 11088 --- [http-nio-8080-exec-2] o.s.web.servlet.DispatcherServlet        : Completed initialization in 2 ms
2024-07-30T09:58:11.580+08:00  INFO 11088 --- [http-nio-8080-exec-2] c.bit.demo.Interceptor.LoginInterceptor  : 拦截器拦截LoginInterceptor....
2024-07-30T10:17:38.167+08:00  INFO 11088 --- [http-nio-8080-exec-3] c.bit.demo.Interceptor.LoginInterceptor  : 拦截器拦截LoginInterceptor....
2024-07-30T10:17:44.062+08:00  INFO 11088 --- [http-nio-8080-exec-4] c.bit.demo.Interceptor.LoginInterceptor  : 拦截器拦截LoginInterceptor....
2024-07-30T10:17:48.556+08:00  INFO 11088 --- [http-nio-8080-exec-6] c.bit.demo.Interceptor.LoginInterceptor  : 拦截器拦截LoginInterceptor....
2024-07-30T10:17:51.756+08:00  INFO 11088 --- [http-nio-8080-exec-5] c.bit.demo.Interceptor.LoginInterceptor  : 拦截器拦截LoginInterceptor....
2024-07-30T10:29:19.984+08:00  INFO 18480 --- [main] com.bit.demo.SpringBookApplication       : Starting SpringBookApplication using Java 17.0.11 with PID 18480 (D:\gitte\springboot\spring_book\target\classes started by lenovo in D:\gitte\springboot\spring_book)
2024-07-30T10:29:19.989+08:00  INFO 18480 --- [main] com.bit.demo.SpringBookApplication       : No active profile set, falling back to 1 default profile: "default"
2024-07-30T10:29:21.756+08:00  INFO 18480 --- [main] o.s.b.w.embedded.tomcat.TomcatWebServer  : Tomcat initialized with port 8080 (http)
2024-07-30T10:29:21.782+08:00  INFO 18480 --- [main] o.apache.catalina.core.StandardService   : Starting service [Tomcat]
2024-07-30T10:29:21.783+08:00  INFO 18480 --- [main] o.apache.catalina.core.StandardEngine    : Starting Servlet engine: [Apache Tomcat/10.1.25]
2024-07-30T10:29:21.887+08:00  INFO 18480 --- [main] o.a.c.c.C.[Tomcat].[localhost].[/]       : Initializing Spring embedded WebApplicationContext
2024-07-30T10:29:21.888+08:00  INFO 18480 --- [main] w.s.c.ServletWebServerApplicationContext : Root WebApplicationContext: initialization completed in 1836 ms
2024-07-30T10:29:22.572+08:00  INFO 18480 --- [main] o.s.b.w.embedded.tomcat.TomcatWebServer  : Tomcat started on port 8080 (http) with context path '/'
2024-07-30T10:29:22.583+08:00  INFO 18480 --- [main] com.bit.demo.SpringBookApplication       : Started SpringBookApplication in 3.081 seconds (process running for 3.621)
2024-07-30T10:29:35.277+08:00  INFO 10904 --- [main] com.bit.demo.SpringBookApplication       : Starting SpringBookApplication using Java 17.0.11 with PID 10904 (D:\gitte\springboot\spring_book\target\classes started by lenovo in D:\gitte\springboot\spring_book)
2024-07-30T10:29:35.280+08:00  INFO 10904 --- [main] com.bit.demo.SpringBookApplication       : No active profile set, falling back to 1 default profile: "default"
2024-07-30T10:29:36.353+08:00  INFO 10904 --- [main] o.s.b.w.embedded.tomcat.TomcatWebServer  : Tomcat initialized with port 8080 (http)
2024-07-30T10:29:36.365+08:00  INFO 10904 --- [main] o.apache.catalina.core.StandardService   : Starting service [Tomcat]
2024-07-30T10:29:36.365+08:00  INFO 10904 --- [main] o.apache.catalina.core.StandardEngine    : Starting Servlet engine: [Apache Tomcat/10.1.25]
2024-07-30T10:29:36.448+08:00  INFO 10904 --- [main] o.a.c.c.C.[Tomcat].[localhost].[/]       : Initializing Spring embedded WebApplicationContext
2024-07-30T10:29:36.448+08:00  INFO 10904 --- [main] w.s.c.ServletWebServerApplicationContext : Root WebApplicationContext: initialization completed in 1119 ms
2024-07-30T10:29:37.144+08:00  INFO 10904 --- [main] o.s.b.w.embedded.tomcat.TomcatWebServer  : Tomcat started on port 8080 (http) with context path '/'
2024-07-30T10:29:37.153+08:00  INFO 10904 --- [main] com.bit.demo.SpringBookApplication       : Started SpringBookApplication in 2.316 seconds (process running for 2.724)
2024-07-30T10:29:41.425+08:00  INFO 10904 --- [http-nio-8080-exec-1] o.a.c.c.C.[Tomcat].[localhost].[/]       : Initializing Spring DispatcherServlet 'dispatcherServlet'
2024-07-30T10:29:41.425+08:00  INFO 10904 --- [http-nio-8080-exec-1] o.s.web.servlet.DispatcherServlet        : Initializing Servlet 'dispatcherServlet'
2024-07-30T10:29:41.427+08:00  INFO 10904 --- [http-nio-8080-exec-1] o.s.web.servlet.DispatcherServlet        : Completed initialization in 0 ms
2024-07-30T10:29:41.451+08:00  INFO 10904 --- [http-nio-8080-exec-1] c.bit.demo.Interceptor.LoginInterceptor  : 拦截器拦截LoginInterceptor....
2024-07-30T10:30:56.918+08:00  INFO 10904 --- [http-nio-8080-exec-3] c.bit.demo.Interceptor.LoginInterceptor  : 拦截器拦截LoginInterceptor....
2024-07-30T10:39:10.565+08:00  INFO 7892 --- [main] com.bit.demo.SpringBookApplication       : Starting SpringBookApplication using Java 17.0.11 with PID 7892 (D:\gitte\springboot\spring_book\target\classes started by lenovo in D:\gitte\springboot\spring_book)
2024-07-30T10:39:10.568+08:00  INFO 7892 --- [main] com.bit.demo.SpringBookApplication       : No active profile set, falling back to 1 default profile: "default"
2024-07-30T10:39:11.678+08:00  INFO 7892 --- [main] o.s.b.w.embedded.tomcat.TomcatWebServer  : Tomcat initialized with port 8080 (http)
2024-07-30T10:39:11.689+08:00  INFO 7892 --- [main] o.apache.catalina.core.StandardService   : Starting service [Tomcat]
2024-07-30T10:39:11.690+08:00  INFO 7892 --- [main] o.apache.catalina.core.StandardEngine    : Starting Servlet engine: [Apache Tomcat/10.1.25]
2024-07-30T10:39:11.767+08:00  INFO 7892 --- [main] o.a.c.c.C.[Tomcat].[localhost].[/]       : Initializing Spring embedded WebApplicationContext
2024-07-30T10:39:11.767+08:00  INFO 7892 --- [main] w.s.c.ServletWebServerApplicationContext : Root WebApplicationContext: initialization completed in 1156 ms
2024-07-30T10:39:12.402+08:00  INFO 7892 --- [main] o.s.b.w.embedded.tomcat.TomcatWebServer  : Tomcat started on port 8080 (http) with context path '/'
2024-07-30T10:39:12.412+08:00  INFO 7892 --- [main] com.bit.demo.SpringBookApplication       : Started SpringBookApplication in 2.301 seconds (process running for 2.702)
2024-07-30T10:39:43.184+08:00  INFO 7892 --- [http-nio-8080-exec-1] o.a.c.c.C.[Tomcat].[localhost].[/]       : Initializing Spring DispatcherServlet 'dispatcherServlet'
2024-07-30T10:39:43.184+08:00  INFO 7892 --- [http-nio-8080-exec-1] o.s.web.servlet.DispatcherServlet        : Initializing Servlet 'dispatcherServlet'
2024-07-30T10:39:43.185+08:00  INFO 7892 --- [http-nio-8080-exec-1] o.s.web.servlet.DispatcherServlet        : Completed initialization in 1 ms
2024-07-30T10:39:43.214+08:00  INFO 7892 --- [http-nio-8080-exec-1] c.bit.demo.Interceptor.LoginInterceptor  : 拦截器拦截LoginInterceptor....
2024-07-30T11:08:38.601+08:00  INFO 12772 --- [main] com.bit.demo.SpringBookApplication       : Starting SpringBookApplication using Java 17.0.11 with PID 12772 (D:\gitte\springboot\spring_book\target\classes started by lenovo in D:\gitte\springboot\spring_book)
2024-07-30T11:08:38.604+08:00  INFO 12772 --- [main] com.bit.demo.SpringBookApplication       : No active profile set, falling back to 1 default profile: "default"
2024-07-30T11:08:40.645+08:00  INFO 12772 --- [main] o.s.b.w.embedded.tomcat.TomcatWebServer  : Tomcat initialized with port 8080 (http)
2024-07-30T11:08:40.670+08:00  INFO 12772 --- [main] o.apache.catalina.core.StandardService   : Starting service [Tomcat]
2024-07-30T11:08:40.671+08:00  INFO 12772 --- [main] o.apache.catalina.core.StandardEngine    : Starting Servlet engine: [Apache Tomcat/10.1.25]
2024-07-30T11:08:40.756+08:00  INFO 12772 --- [main] o.a.c.c.C.[Tomcat].[localhost].[/]       : Initializing Spring embedded WebApplicationContext
2024-07-30T11:08:40.757+08:00  INFO 12772 --- [main] w.s.c.ServletWebServerApplicationContext : Root WebApplicationContext: initialization completed in 2102 ms
2024-07-30T11:08:41.603+08:00  INFO 12772 --- [main] o.s.b.w.embedded.tomcat.TomcatWebServer  : Tomcat started on port 8080 (http) with context path '/'
2024-07-30T11:08:41.615+08:00  INFO 12772 --- [main] com.bit.demo.SpringBookApplication       : Started SpringBookApplication in 3.55 seconds (process running for 3.99)
2024-07-30T11:08:50.462+08:00  INFO 12772 --- [http-nio-8080-exec-1] o.a.c.c.C.[Tomcat].[localhost].[/]       : Initializing Spring DispatcherServlet 'dispatcherServlet'
2024-07-30T11:08:50.462+08:00  INFO 12772 --- [http-nio-8080-exec-1] o.s.web.servlet.DispatcherServlet        : Initializing Servlet 'dispatcherServlet'
2024-07-30T11:08:50.463+08:00  INFO 12772 --- [http-nio-8080-exec-1] o.s.web.servlet.DispatcherServlet        : Completed initialization in 1 ms
2024-07-30T11:08:50.501+08:00  INFO 12772 --- [http-nio-8080-exec-1] c.bit.demo.Interceptor.LoginInterceptor  : 拦截器拦截LoginInterceptor....
